<?xml version="1.0" encoding="UTF-8"?>
<!-- Generated by org.testng.reporters.JUnitXMLReporter -->
<testsuite ignored="0" hostname="DESKTOP-8P6SHCQ" failures="1" tests="1" name="FirefoxTest" time="0.015" errors="0" timestamp="2023-11-30T12:39:36 IST">
  <testcase classname="testNGExecutionPackage.SelectTest" name="selectTestMethod" time="0.0">
    <failure type="org.testng.TestNGException" message="
Parameter &amp;apos;url&amp;apos; is required by @Test on method selectTestMethod but has not been marked @Optional or defined
in C:\Users\Shree\git\wcsm9automationRepository\wcsm9automationproject\Selecttestng.xml">
      <![CDATA[org.testng.TestNGException: 
Parameter 'url' is required by @Test on method selectTestMethod but has not been marked @Optional or defined
in C:\Users\Shree\git\wcsm9automationRepository\wcsm9automationproject\Selecttestng.xml
at java.base/java.util.ArrayList.forEach(ArrayList.java:1511)
... Removed 26 stack frames]]>
    </failure>
  </testcase> <!-- selectTestMethod -->
</testsuite> <!-- FirefoxTest -->
